This file contains any messages produced by compilers while
running configure, to aid debugging if configure makes a mistake.

It was created by libsecp256k1 configure 0.1, which was
generated by GNU Autoconf 2.69.  Invocation command line was

  $ ./configure --disable-option-checking --prefix=/usr/local --disable-shared --with-pic --with-bignum=no --enable-module-recovery --disable-jni --cache-file=/dev/null --srcdir=.

## --------- ##
## Platform. ##
## --------- ##

hostname = chaintopes-MacBook-Pro.local
uname -m = x86_64
uname -r = 17.4.0
uname -s = Darwin
uname -v = Darwin Kernel Version 17.4.0: Sun Dec 17 09:19:54 PST 2017; root:xnu-4570.41.2~1/RELEASE_X86_64

/usr/bin/uname -p = i386
/bin/uname -X     = unknown

/bin/arch              = unknown
/usr/bin/arch -k       = unknown
/usr/convex/getsysinfo = unknown
/usr/bin/hostinfo      = Mach kernel version:
	 Darwin Kernel Version 17.4.0: Sun Dec 17 09:19:54 PST 2017; root:xnu-4570.41.2~1/RELEASE_X86_64
Kernel configured for up to 4 processors.
2 processors are physically available.
4 processors are logically available.
Processor type: x86_64h (Intel x86-64h Haswell)
Processors active: 0 1 2 3
Primary memory available: 16.00 gigabytes
Default processor set: 414 tasks, 1668 threads, 4 processors
Load average: 3.46, Mach factor: 1.01
/bin/machine           = unknown
/usr/bin/oslevel       = unknown
/bin/universe          = unknown

PATH: /Users/chaintope/.rbenv/shims
PATH: /usr/local/bin
PATH: /usr/bin
PATH: /bin
PATH: /usr/sbin
PATH: /sbin


## ----------- ##
## Core tests. ##
## ----------- ##

configure:2389: checking build system type
configure:2403: result: x86_64-apple-darwin17.4.0
configure:2423: checking host system type
configure:2436: result: x86_64-apple-darwin17.4.0
configure:2475: checking for a BSD-compatible install
configure:2543: result: /usr/bin/install -c
configure:2554: checking whether build environment is sane
configure:2609: result: yes
configure:2760: checking for a thread-safe mkdir -p
configure:2799: result: build-aux/install-sh -c -d
configure:2806: checking for gawk
configure:2836: result: no
configure:2806: checking for mawk
configure:2836: result: no
configure:2806: checking for nawk
configure:2836: result: no
configure:2806: checking for awk
configure:2822: found /usr/bin/awk
configure:2833: result: awk
configure:2844: checking whether make sets $(MAKE)
configure:2866: result: yes
configure:2895: checking whether make supports nested variables
configure:2912: result: yes
configure:3083: checking how to print strings
configure:3110: result: printf
configure:3143: checking for style of include used by make
configure:3171: result: GNU
configure:3242: checking for gcc
configure:3258: found /usr/bin/gcc
configure:3269: result: gcc
configure:3498: checking for C compiler version
configure:3507: gcc --version >&5
Apple LLVM version 9.1.0 (clang-902.0.39.1)
Target: x86_64-apple-darwin17.4.0
Thread model: posix
InstalledDir: /Library/Developer/CommandLineTools/usr/bin
Configured with: --prefix=/Library/Developer/CommandLineTools/usr --with-gxx-include-dir=/usr/include/c++/4.2.1
configure:3518: $? = 0
configure:3507: gcc -v >&5
Configured with: --prefix=/Library/Developer/CommandLineTools/usr --with-gxx-include-dir=/usr/include/c++/4.2.1
Apple LLVM version 9.1.0 (clang-902.0.39.1)
Target: x86_64-apple-darwin17.4.0
Thread model: posix
InstalledDir: /Library/Developer/CommandLineTools/usr/bin
configure:3518: $? = 0
configure:3507: gcc -V >&5
clang: error: argument to '-V' is missing (expected 1 value)
clang: error: no input files
configure:3518: $? = 1
configure:3507: gcc -qversion >&5
clang: error: unknown argument: '-qversion'
clang: error: no input files
configure:3518: $? = 1
configure:3538: checking whether the C compiler works
configure:3560: gcc    conftest.c  >&5
configure:3564: $? = 0
configure:3612: result: yes
configure:3615: checking for C compiler default output file name
configure:3617: result: a.out
configure:3623: checking for suffix of executables
configure:3630: gcc -o conftest    conftest.c  >&5
configure:3634: $? = 0
configure:3656: result: 
configure:3678: checking whether we are cross compiling
configure:3686: gcc -o conftest    conftest.c  >&5
configure:3690: $? = 0
configure:3697: ./conftest
configure:3701: $? = 0
configure:3716: result: no
configure:3721: checking for suffix of object files
configure:3743: gcc -c   conftest.c >&5
configure:3747: $? = 0
configure:3768: result: o
configure:3772: checking whether we are using the GNU C compiler
configure:3791: gcc -c   conftest.c >&5
configure:3791: $? = 0
configure:3800: result: yes
configure:3809: checking whether gcc accepts -g
configure:3829: gcc -c -g  conftest.c >&5
configure:3829: $? = 0
configure:3870: result: yes
configure:3887: checking for gcc option to accept ISO C89
configure:3950: gcc  -c -g -O2  conftest.c >&5
configure:3950: $? = 0
configure:3963: result: none needed
configure:3988: checking whether gcc understands -c and -o together
configure:4010: gcc -c conftest.c -o conftest2.o
configure:4013: $? = 0
configure:4010: gcc -c conftest.c -o conftest2.o
configure:4013: $? = 0
configure:4025: result: yes
configure:4044: checking dependency style of gcc
configure:4155: result: gcc3
configure:4170: checking for a sed that does not truncate output
configure:4234: result: /usr/bin/sed
configure:4252: checking for grep that handles long lines and -e
configure:4310: result: /usr/bin/grep
configure:4315: checking for egrep
configure:4377: result: /usr/bin/grep -E
configure:4382: checking for fgrep
configure:4444: result: /usr/bin/grep -F
configure:4479: checking for ld used by gcc
configure:4546: result: /Library/Developer/CommandLineTools/usr/bin/ld
configure:4553: checking if the linker (/Library/Developer/CommandLineTools/usr/bin/ld) is GNU ld
configure:4568: result: no
configure:4580: checking for BSD- or MS-compatible name lister (nm)
configure:4629: result: /usr/bin/nm -B
configure:4759: checking the name lister (/usr/bin/nm -B) interface
configure:4766: gcc -c -g -O2  conftest.c >&5
configure:4769: /usr/bin/nm -B "conftest.o"
configure:4772: output
00000000000001e0 S _some_variable
configure:4779: result: BSD nm
configure:4782: checking whether ln -s works
configure:4786: result: yes
configure:4794: checking the maximum length of command line arguments
configure:4925: result: 196608
configure:4942: checking whether the shell understands some XSI constructs
configure:4952: result: yes
configure:4956: checking whether the shell understands "+="
configure:4962: result: yes
configure:4997: checking how to convert x86_64-apple-darwin17.4.0 file names to x86_64-apple-darwin17.4.0 format
configure:5037: result: func_convert_file_noop
configure:5044: checking how to convert x86_64-apple-darwin17.4.0 file names to toolchain format
configure:5064: result: func_convert_file_noop
configure:5071: checking for /Library/Developer/CommandLineTools/usr/bin/ld option to reload object files
configure:5078: result: -r
configure:5152: checking for objdump
configure:5168: found /usr/bin/objdump
configure:5179: result: objdump
configure:5211: checking how to recognize dependent libraries
configure:5409: result: pass_all
configure:5494: checking for dlltool
configure:5524: result: no
configure:5554: checking how to associate runtime and link libraries
configure:5581: result: printf %s\n
configure:5642: checking for ar
configure:5658: found /usr/bin/ar
configure:5669: result: ar
configure:5706: checking for archiver @FILE support
configure:5723: gcc -c -g -O2  conftest.c >&5
configure:5723: $? = 0
configure:5726: ar cru libconftest.a @conftest.lst >&5
ar: @conftest.lst: No such file or directory
configure:5729: $? = 1
configure:5749: result: no
configure:5807: checking for strip
configure:5823: found /usr/bin/strip
configure:5834: result: strip
configure:5906: checking for ranlib
configure:5922: found /usr/bin/ranlib
configure:5933: result: ranlib
configure:6035: checking command to parse /usr/bin/nm -B output from gcc object
configure:6155: gcc -c -g -O2  conftest.c >&5
configure:6158: $? = 0
configure:6162: /usr/bin/nm -B conftest.o \| sed -n -e 's/^.*[ ]\([BCDEGRST][BCDEGRST]*\)[ ][ ]*\([_A-Za-z][_A-Za-z0-9]*\)$/\1 \2 \2/p' | sed '/ __gnu_lto/d' \> conftest.nm
configure:6165: $? = 0
cannot find nm_test_var in conftest.nm
configure:6155: gcc -c -g -O2  conftest.c >&5
configure:6158: $? = 0
configure:6162: /usr/bin/nm -B conftest.o \| sed -n -e 's/^.*[ ]\([BCDEGRST][BCDEGRST]*\)[ ][ ]*_\([_A-Za-z][_A-Za-z0-9]*\)$/\1 _\2 \2/p' | sed '/ __gnu_lto/d' \> conftest.nm
configure:6165: $? = 0
configure:6231: gcc -o conftest -g -O2   conftest.c conftstm.o >&5
warning: (x86_64)  could not find object file symbol for symbol _main
configure:6234: $? = 0
configure:6272: result: ok
configure:6309: checking for sysroot
configure:6339: result: no
configure:6608: checking for mt
configure:6638: result: no
configure:6658: checking if : is a manifest tool
configure:6664: : '-?'
configure:6672: result: no
configure:6728: checking for dsymutil
configure:6744: found /usr/bin/dsymutil
configure:6755: result: dsymutil
configure:6820: checking for nmedit
configure:6836: found /usr/bin/nmedit
configure:6847: result: nmedit
configure:6912: checking for lipo
configure:6928: found /usr/bin/lipo
configure:6939: result: lipo
configure:7004: checking for otool
configure:7020: found /usr/bin/otool
configure:7031: result: otool
configure:7096: checking for otool64
configure:7126: result: no
configure:7171: checking for -single_module linker flag
gcc -g -O2  -o libconftest.dylib -dynamiclib -Wl,-single_module conftest.c
configure:7204: result: yes
configure:7207: checking for -exported_symbols_list linker flag
configure:7227: gcc -o conftest -g -O2   -Wl,-exported_symbols_list,conftest.sym conftest.c  >&5
configure:7227: $? = 0
configure:7237: result: yes
configure:7240: checking for -force_load linker flag
gcc -g -O2 -c -o conftest.o conftest.c
ar cru libconftest.a conftest.o
ranlib libconftest.a
gcc -g -O2  -o conftest conftest.c -Wl,-force_load,./libconftest.a
configure:7272: result: yes
configure:7314: checking how to run the C preprocessor
configure:7345: gcc -E  conftest.c
configure:7345: $? = 0
configure:7359: gcc -E  conftest.c
conftest.c:11:10: fatal error: 'ac_nonexistent.h' file not found
#include <ac_nonexistent.h>
         ^~~~~~~~~~~~~~~~~~
1 error generated.
configure:7359: $? = 1
configure: failed program was:
| /* confdefs.h */
| #define PACKAGE_NAME "libsecp256k1"
| #define PACKAGE_TARNAME "libsecp256k1"
| #define PACKAGE_VERSION "0.1"
| #define PACKAGE_STRING "libsecp256k1 0.1"
| #define PACKAGE_BUGREPORT ""
| #define PACKAGE_URL ""
| #define PACKAGE "libsecp256k1"
| #define VERSION "0.1"
| /* end confdefs.h.  */
| #include <ac_nonexistent.h>
configure:7384: result: gcc -E
configure:7404: gcc -E  conftest.c
configure:7404: $? = 0
configure:7418: gcc -E  conftest.c
conftest.c:11:10: fatal error: 'ac_nonexistent.h' file not found
#include <ac_nonexistent.h>
         ^~~~~~~~~~~~~~~~~~
1 error generated.
configure:7418: $? = 1
configure: failed program was:
| /* confdefs.h */
| #define PACKAGE_NAME "libsecp256k1"
| #define PACKAGE_TARNAME "libsecp256k1"
| #define PACKAGE_VERSION "0.1"
| #define PACKAGE_STRING "libsecp256k1 0.1"
| #define PACKAGE_BUGREPORT ""
| #define PACKAGE_URL ""
| #define PACKAGE "libsecp256k1"
| #define VERSION "0.1"
| /* end confdefs.h.  */
| #include <ac_nonexistent.h>
configure:7447: checking for ANSI C header files
configure:7467: gcc -c -g -O2  conftest.c >&5
configure:7467: $? = 0
configure:7540: gcc -o conftest -g -O2   conftest.c  >&5
configure:7540: $? = 0
configure:7540: ./conftest
configure:7540: $? = 0
configure:7551: result: yes
configure:7564: checking for sys/types.h
configure:7564: gcc -c -g -O2  conftest.c >&5
configure:7564: $? = 0
configure:7564: result: yes
configure:7564: checking for sys/stat.h
configure:7564: gcc -c -g -O2  conftest.c >&5
configure:7564: $? = 0
configure:7564: result: yes
configure:7564: checking for stdlib.h
configure:7564: gcc -c -g -O2  conftest.c >&5
configure:7564: $? = 0
configure:7564: result: yes
configure:7564: checking for string.h
configure:7564: gcc -c -g -O2  conftest.c >&5
configure:7564: $? = 0
configure:7564: result: yes
configure:7564: checking for memory.h
configure:7564: gcc -c -g -O2  conftest.c >&5
configure:7564: $? = 0
configure:7564: result: yes
configure:7564: checking for strings.h
configure:7564: gcc -c -g -O2  conftest.c >&5
configure:7564: $? = 0
configure:7564: result: yes
configure:7564: checking for inttypes.h
configure:7564: gcc -c -g -O2  conftest.c >&5
configure:7564: $? = 0
configure:7564: result: yes
configure:7564: checking for stdint.h
configure:7564: gcc -c -g -O2  conftest.c >&5
configure:7564: $? = 0
configure:7564: result: yes
configure:7564: checking for unistd.h
configure:7564: gcc -c -g -O2  conftest.c >&5
configure:7564: $? = 0
configure:7564: result: yes
configure:7578: checking for dlfcn.h
configure:7578: gcc -c -g -O2  conftest.c >&5
configure:7578: $? = 0
configure:7578: result: yes
configure:7784: checking for objdir
configure:7799: result: .libs
configure:8070: checking if gcc supports -fno-rtti -fno-exceptions
configure:8088: gcc -c -g -O2  -fno-rtti -fno-exceptions conftest.c >&5
configure:8092: $? = 0
configure:8105: result: yes
configure:8432: checking for gcc option to produce PIC
configure:8439: result: -fno-common -DPIC
configure:8447: checking if gcc PIC flag -fno-common -DPIC works
configure:8465: gcc -c -g -O2  -fno-common -DPIC -DPIC conftest.c >&5
configure:8469: $? = 0
configure:8482: result: yes
configure:8511: checking if gcc static flag -static works
configure:8539: result: no
configure:8554: checking if gcc supports -c -o file.o
configure:8575: gcc -c -g -O2  -o out/conftest2.o conftest.c >&5
configure:8579: $? = 0
configure:8601: result: yes
configure:8609: checking if gcc supports -c -o file.o
configure:8656: result: yes
configure:8689: checking whether the gcc linker (/Library/Developer/CommandLineTools/usr/bin/ld) supports shared libraries
configure:9846: result: yes
configure:10086: checking dynamic linker characteristics
configure:10820: result: darwin17.4.0 dyld
configure:10927: checking how to hardcode library paths into programs
configure:10952: result: immediate
configure:11492: checking whether stripping libraries is possible
configure:11506: result: yes
configure:11532: checking if libtool supports shared libraries
configure:11534: result: yes
configure:11537: checking whether to build shared libraries
configure:11558: result: no
configure:11561: checking whether to build static libraries
configure:11565: result: yes
configure:11614: checking whether make supports nested variables
configure:11631: result: yes
configure:11697: checking for pkg-config
configure:11715: found /usr/local/bin/pkg-config
configure:11727: result: /usr/local/bin/pkg-config
configure:11752: checking pkg-config is at least version 0.9.0
configure:11755: result: yes
configure:11810: checking for ar
configure:11828: found /usr/bin/ar
configure:11840: result: /usr/bin/ar
configure:11908: checking for ranlib
configure:11926: found /usr/bin/ranlib
configure:11938: result: /usr/bin/ranlib
configure:12006: checking for strip
configure:12024: found /usr/bin/strip
configure:12036: result: /usr/bin/strip
configure:12114: checking for gcc
configure:12130: found /usr/bin/gcc
configure:12141: result: gcc
configure:12370: checking for C compiler version
configure:12379: gcc --version >&5
Apple LLVM version 9.1.0 (clang-902.0.39.1)
Target: x86_64-apple-darwin17.4.0
Thread model: posix
InstalledDir: /Library/Developer/CommandLineTools/usr/bin
Configured with: --prefix=/Library/Developer/CommandLineTools/usr --with-gxx-include-dir=/usr/include/c++/4.2.1
configure:12390: $? = 0
configure:12379: gcc -v >&5
Configured with: --prefix=/Library/Developer/CommandLineTools/usr --with-gxx-include-dir=/usr/include/c++/4.2.1
Apple LLVM version 9.1.0 (clang-902.0.39.1)
Target: x86_64-apple-darwin17.4.0
Thread model: posix
InstalledDir: /Library/Developer/CommandLineTools/usr/bin
configure:12390: $? = 0
configure:12379: gcc -V >&5
clang: error: argument to '-V' is missing (expected 1 value)
clang: error: no input files
configure:12390: $? = 1
configure:12379: gcc -qversion >&5
clang: error: unknown argument: '-qversion'
clang: error: no input files
configure:12390: $? = 1
configure:12394: checking whether we are using the GNU C compiler
configure:12422: result: yes
configure:12431: checking whether gcc accepts -g
configure:12451: gcc -c -g -O2  conftest.c >&5
configure:12451: $? = 0
configure:12492: result: yes
configure:12509: checking for gcc option to accept ISO C89
configure:12585: result: none needed
configure:12610: checking whether gcc understands -c and -o together
configure:12647: result: yes
configure:12666: checking dependency style of gcc
configure:12777: result: gcc3
configure:12797: checking how to run the C preprocessor
configure:12828: gcc -E  conftest.c
configure:12828: $? = 0
configure:12842: gcc -E  conftest.c
conftest.c:23:10: fatal error: 'ac_nonexistent.h' file not found
#include <ac_nonexistent.h>
         ^~~~~~~~~~~~~~~~~~
1 error generated.
configure:12842: $? = 1
configure: failed program was:
| /* confdefs.h */
| #define PACKAGE_NAME "libsecp256k1"
| #define PACKAGE_TARNAME "libsecp256k1"
| #define PACKAGE_VERSION "0.1"
| #define PACKAGE_STRING "libsecp256k1 0.1"
| #define PACKAGE_BUGREPORT ""
| #define PACKAGE_URL ""
| #define PACKAGE "libsecp256k1"
| #define VERSION "0.1"
| #define STDC_HEADERS 1
| #define HAVE_SYS_TYPES_H 1
| #define HAVE_SYS_STAT_H 1
| #define HAVE_STDLIB_H 1
| #define HAVE_STRING_H 1
| #define HAVE_MEMORY_H 1
| #define HAVE_STRINGS_H 1
| #define HAVE_INTTYPES_H 1
| #define HAVE_STDINT_H 1
| #define HAVE_UNISTD_H 1
| #define HAVE_DLFCN_H 1
| #define LT_OBJDIR ".libs/"
| /* end confdefs.h.  */
| #include <ac_nonexistent.h>
configure:12867: result: gcc -E
configure:12887: gcc -E  conftest.c
configure:12887: $? = 0
configure:12901: gcc -E  conftest.c
conftest.c:23:10: fatal error: 'ac_nonexistent.h' file not found
#include <ac_nonexistent.h>
         ^~~~~~~~~~~~~~~~~~
1 error generated.
configure:12901: $? = 1
configure: failed program was:
| /* confdefs.h */
| #define PACKAGE_NAME "libsecp256k1"
| #define PACKAGE_TARNAME "libsecp256k1"
| #define PACKAGE_VERSION "0.1"
| #define PACKAGE_STRING "libsecp256k1 0.1"
| #define PACKAGE_BUGREPORT ""
| #define PACKAGE_URL ""
| #define PACKAGE "libsecp256k1"
| #define VERSION "0.1"
| #define STDC_HEADERS 1
| #define HAVE_SYS_TYPES_H 1
| #define HAVE_SYS_STAT_H 1
| #define HAVE_STDLIB_H 1
| #define HAVE_STRING_H 1
| #define HAVE_MEMORY_H 1
| #define HAVE_STRINGS_H 1
| #define HAVE_INTTYPES_H 1
| #define HAVE_STDINT_H 1
| #define HAVE_UNISTD_H 1
| #define HAVE_DLFCN_H 1
| #define LT_OBJDIR ".libs/"
| /* end confdefs.h.  */
| #include <ac_nonexistent.h>
configure:12945: checking for gcc option to accept ISO C89
configure:13021: result: none needed
configure:13048: checking dependency style of gcc
configure:13157: result: gcc3
configure:13178: checking for brew
configure:13196: found /usr/local/bin/brew
configure:13208: result: /usr/local/bin/brew
configure:13283: checking if gcc supports -std=c89 -pedantic -Wall -Wextra -Wcast-align -Wnested-externs -Wshadow -Wstrict-prototypes -Wno-unused-function -Wno-long-long -Wno-overlength-strings
configure:13289: gcc -c -g -O2 -W -std=c89 -pedantic -Wall -Wextra -Wcast-align -Wnested-externs -Wshadow -Wstrict-prototypes -Wno-unused-function -Wno-long-long -Wno-overlength-strings  conftest.c >&5
configure:13289: $? = 0
configure:13290: result: yes
configure:13302: checking if gcc supports -fvisibility=hidden
configure:13308: gcc -c -g -O2 -W -std=c89 -pedantic -Wall -Wextra -Wcast-align -Wnested-externs -Wshadow -Wstrict-prototypes -Wno-unused-function -Wno-long-long -Wno-overlength-strings -fvisibility=hidden  conftest.c >&5
configure:13308: $? = 0
configure:13309: result: yes
configure:13443: checking for __int128
configure:13443: gcc -c -g -O2 -W -std=c89 -pedantic -Wall -Wextra -Wcast-align -Wnested-externs -Wshadow -Wstrict-prototypes -Wno-unused-function -Wno-long-long -Wno-overlength-strings -fvisibility=hidden  conftest.c >&5
configure:13443: $? = 0
configure:13443: gcc -c -g -O2 -W -std=c89 -pedantic -Wall -Wextra -Wcast-align -Wnested-externs -Wshadow -Wstrict-prototypes -Wno-unused-function -Wno-long-long -Wno-overlength-strings -fvisibility=hidden  conftest.c >&5
conftest.c:59:23: error: expected expression
if (sizeof ((__int128)))
                      ^
1 error generated.
configure:13443: $? = 1
configure: failed program was:
| /* confdefs.h */
| #define PACKAGE_NAME "libsecp256k1"
| #define PACKAGE_TARNAME "libsecp256k1"
| #define PACKAGE_VERSION "0.1"
| #define PACKAGE_STRING "libsecp256k1 0.1"
| #define PACKAGE_BUGREPORT ""
| #define PACKAGE_URL ""
| #define PACKAGE "libsecp256k1"
| #define VERSION "0.1"
| #define STDC_HEADERS 1
| #define HAVE_SYS_TYPES_H 1
| #define HAVE_SYS_STAT_H 1
| #define HAVE_STDLIB_H 1
| #define HAVE_STRING_H 1
| #define HAVE_MEMORY_H 1
| #define HAVE_STRINGS_H 1
| #define HAVE_INTTYPES_H 1
| #define HAVE_STDINT_H 1
| #define HAVE_UNISTD_H 1
| #define HAVE_DLFCN_H 1
| #define LT_OBJDIR ".libs/"
| /* end confdefs.h.  */
| #include <stdio.h>
| #ifdef HAVE_SYS_TYPES_H
| # include <sys/types.h>
| #endif
| #ifdef HAVE_SYS_STAT_H
| # include <sys/stat.h>
| #endif
| #ifdef STDC_HEADERS
| # include <stdlib.h>
| # include <stddef.h>
| #else
| # ifdef HAVE_STDLIB_H
| #  include <stdlib.h>
| # endif
| #endif
| #ifdef HAVE_STRING_H
| # if !defined STDC_HEADERS && defined HAVE_MEMORY_H
| #  include <memory.h>
| # endif
| # include <string.h>
| #endif
| #ifdef HAVE_STRINGS_H
| # include <strings.h>
| #endif
| #ifdef HAVE_INTTYPES_H
| # include <inttypes.h>
| #endif
| #ifdef HAVE_STDINT_H
| # include <stdint.h>
| #endif
| #ifdef HAVE_UNISTD_H
| # include <unistd.h>
| #endif
| int
| main ()
| {
| if (sizeof ((__int128)))
| 	    return 0;
|   ;
|   return 0;
| }
configure:13443: result: yes
configure:13454: checking for __builtin_expect
configure:13460: gcc -c -g -O2 -W -std=c89 -pedantic -Wall -Wextra -Wcast-align -Wnested-externs -Wshadow -Wstrict-prototypes -Wno-unused-function -Wno-long-long -Wno-overlength-strings -fvisibility=hidden  conftest.c >&5
conftest.c:24:16: warning: ignoring return value of function declared with const attribute [-Wunused-value]
void myfunc() {__builtin_expect(0,0);}
               ^~~~~~~~~~~~~~~~ ~~~
1 warning generated.
configure:13460: $? = 0
configure:13461: result: yes
configure:13487: checking native compiler: gcc
configure:13502: gcc -o conftest -g -O2 -W -std=c89 -pedantic -Wall -Wextra -Wcast-align -Wnested-externs -Wshadow -Wstrict-prototypes -Wno-unused-function -Wno-long-long -Wno-overlength-strings -fvisibility=hidden -O3   conftest.c  >&5
configure:13502: $? = 0
configure:13502: ./conftest
configure:13502: $? = 0
configure:13523: result: ok
configure:13533: checking for x86_64 assembly availability
configure:13550: gcc -c -g -O2 -W -std=c89 -pedantic -Wall -Wextra -Wcast-align -Wnested-externs -Wshadow -Wstrict-prototypes -Wno-unused-function -Wno-long-long -Wno-overlength-strings -fvisibility=hidden -O3  conftest.c >&5
conftest.c:32:75: warning: variable 'tmp' is uninitialized when used here [-Wuninitialized]
  __asm__ __volatile__("movq $0x100000000,%1; mulq %%rsi" : "+a"(a) : "S"(tmp) : "cc", "%rdx");
                                                                          ^~~
conftest.c:31:23: note: initialize the variable 'tmp' to silence this warning
  uint64_t a = 11, tmp;
                      ^
                       = 0
1 warning generated.
configure:13550: $? = 0
configure:13556: result: yes
configure:13904: checking for CRYPTO
configure:13911: $PKG_CONFIG --exists --print-errors "libcrypto"
configure:13914: $? = 0
configure:13928: $PKG_CONFIG --exists --print-errors "libcrypto"
configure:13931: $? = 0
configure:13969: result: yes
configure:13976: checking for main in -lcrypto
configure:13995: gcc -o conftest -g -O2 -W -std=c89 -pedantic -Wall -Wextra -Wcast-align -Wnested-externs -Wshadow -Wstrict-prototypes -Wno-unused-function -Wno-long-long -Wno-overlength-strings -fvisibility=hidden -O3   conftest.c -lcrypto   -L/usr/local/Cellar/openssl/1.0.2o_1/lib -lcrypto >&5
conftest.c:35:1: warning: all paths through this function will call itself [-Winfinite-recursion]
{
^
1 warning generated.
configure:13995: $? = 0
configure:14004: result: yes
configure:14068: checking for EC functions in libcrypto
configure:14093: gcc -c -g -O2 -W -std=c89 -pedantic -Wall -Wextra -Wcast-align -Wnested-externs -Wshadow -Wstrict-prototypes -Wno-unused-function -Wno-long-long -Wno-overlength-strings -fvisibility=hidden -O3  conftest.c >&5
conftest.c:33:14: fatal error: 'openssl/ec.h' file not found
    #include <openssl/ec.h>
             ^~~~~~~~~~~~~~
1 error generated.
configure:14093: $? = 1
configure: failed program was:
| /* confdefs.h */
| #define PACKAGE_NAME "libsecp256k1"
| #define PACKAGE_TARNAME "libsecp256k1"
| #define PACKAGE_VERSION "0.1"
| #define PACKAGE_STRING "libsecp256k1 0.1"
| #define PACKAGE_BUGREPORT ""
| #define PACKAGE_URL ""
| #define PACKAGE "libsecp256k1"
| #define VERSION "0.1"
| #define STDC_HEADERS 1
| #define HAVE_SYS_TYPES_H 1
| #define HAVE_SYS_STAT_H 1
| #define HAVE_STDLIB_H 1
| #define HAVE_STRING_H 1
| #define HAVE_MEMORY_H 1
| #define HAVE_STRINGS_H 1
| #define HAVE_INTTYPES_H 1
| #define HAVE_STDINT_H 1
| #define HAVE_UNISTD_H 1
| #define HAVE_DLFCN_H 1
| #define LT_OBJDIR ".libs/"
| #define HAVE___INT128 1
| #define HAVE_BUILTIN_EXPECT 1
| #define USE_ASM_X86_64 1
| #define USE_FIELD_5X52 1
| #define USE_NUM_NONE 1
| #define USE_FIELD_INV_BUILTIN 1
| #define USE_SCALAR_INV_BUILTIN 1
| #define USE_SCALAR_4X64 1
| #define HAVE_LIBCRYPTO 1
| /* end confdefs.h.  */
| 
|     #include <openssl/ec.h>
|     #include <openssl/ecdsa.h>
|     #include <openssl/obj_mac.h>
| int
| main ()
| {
| 
|     EC_KEY *eckey = EC_KEY_new_by_curve_name(NID_secp256k1);
|     ECDSA_sign(0, NULL, 0, NULL, NULL, eckey);
|     ECDSA_verify(0, NULL, 0, NULL, 0, eckey);
|     EC_KEY_free(eckey);
|     ECDSA_SIG *sig_openssl;
|     sig_openssl = ECDSA_SIG_new();
|     (void)sig_openssl->r;
|     ECDSA_SIG_free(sig_openssl);
| 
|   ;
|   return 0;
| }
configure:14099: result: no
configure:14315: checking whether byte ordering is bigendian
configure:14330: gcc -c -g -O2 -W -std=c89 -pedantic -Wall -Wextra -Wcast-align -Wnested-externs -Wshadow -Wstrict-prototypes -Wno-unused-function -Wno-long-long -Wno-overlength-strings -fvisibility=hidden -O3  conftest.c >&5
configure:14330: $? = 0
configure:14375: gcc -c -g -O2 -W -std=c89 -pedantic -Wall -Wextra -Wcast-align -Wnested-externs -Wshadow -Wstrict-prototypes -Wno-unused-function -Wno-long-long -Wno-overlength-strings -fvisibility=hidden -O3  conftest.c >&5
configure:14375: $? = 0
configure:14393: gcc -c -g -O2 -W -std=c89 -pedantic -Wall -Wextra -Wcast-align -Wnested-externs -Wshadow -Wstrict-prototypes -Wno-unused-function -Wno-long-long -Wno-overlength-strings -fvisibility=hidden -O3  conftest.c >&5
conftest.c:41:4: error: use of undeclared identifier 'not'
                 not big endian
                 ^
1 error generated.
configure:14393: $? = 1
configure: failed program was:
| /* confdefs.h */
| #define PACKAGE_NAME "libsecp256k1"
| #define PACKAGE_TARNAME "libsecp256k1"
| #define PACKAGE_VERSION "0.1"
| #define PACKAGE_STRING "libsecp256k1 0.1"
| #define PACKAGE_BUGREPORT ""
| #define PACKAGE_URL ""
| #define PACKAGE "libsecp256k1"
| #define VERSION "0.1"
| #define STDC_HEADERS 1
| #define HAVE_SYS_TYPES_H 1
| #define HAVE_SYS_STAT_H 1
| #define HAVE_STDLIB_H 1
| #define HAVE_STRING_H 1
| #define HAVE_MEMORY_H 1
| #define HAVE_STRINGS_H 1
| #define HAVE_INTTYPES_H 1
| #define HAVE_STDINT_H 1
| #define HAVE_UNISTD_H 1
| #define HAVE_DLFCN_H 1
| #define LT_OBJDIR ".libs/"
| #define HAVE___INT128 1
| #define HAVE_BUILTIN_EXPECT 1
| #define USE_ASM_X86_64 1
| #define USE_FIELD_5X52 1
| #define USE_NUM_NONE 1
| #define USE_FIELD_INV_BUILTIN 1
| #define USE_SCALAR_INV_BUILTIN 1
| #define USE_SCALAR_4X64 1
| #define HAVE_LIBCRYPTO 1
| #define USE_ECMULT_STATIC_PRECOMPUTATION 1
| #define ENABLE_MODULE_RECOVERY 1
| /* end confdefs.h.  */
| #include <sys/types.h>
| 		#include <sys/param.h>
| 
| int
| main ()
| {
| #if BYTE_ORDER != BIG_ENDIAN
| 		 not big endian
| 		#endif
| 
|   ;
|   return 0;
| }
configure:14521: result: no
configure:14546: Using static precomputation: yes
configure:14548: Using assembly optimizations: x86_64
configure:14550: Using field implementation: 64bit
configure:14552: Using bignum implementation: no
configure:14554: Using scalar implementation: 64bit
configure:14556: Using endomorphism optimizations: no
configure:14558: Building for coverage analysis: no
configure:14560: Building ECDH module: no
configure:14562: Building ECDSA pubkey recovery module: yes
configure:14564: Using jni: no
configure:14790: checking that generated files are newer than configure
configure:14796: result: done
configure:14868: creating ./config.status

## ---------------------- ##
## Running config.status. ##
## ---------------------- ##

This file was extended by libsecp256k1 config.status 0.1, which was
generated by GNU Autoconf 2.69.  Invocation command line was

  CONFIG_FILES    = 
  CONFIG_HEADERS  = 
  CONFIG_LINKS    = 
  CONFIG_COMMANDS = 
  $ ./config.status 

on chaintopes-MacBook-Pro.local

config.status:1136: creating Makefile
config.status:1136: creating libsecp256k1.pc
config.status:1136: creating src/libsecp256k1-config.h
config.status:1317: src/libsecp256k1-config.h is unchanged
config.status:1365: executing depfiles commands
config.status:1365: executing libtool commands

## ---------------- ##
## Cache variables. ##
## ---------------- ##

ac_cv_build=x86_64-apple-darwin17.4.0
ac_cv_build_prog_CPP='gcc -E'
ac_cv_build_prog_cc_g=yes
ac_cv_c_bigendian=no
ac_cv_c_compiler_gnu=yes
ac_cv_env_CCASFLAGS_set=
ac_cv_env_CCASFLAGS_value=
ac_cv_env_CCAS_set=
ac_cv_env_CCAS_value=
ac_cv_env_CC_set=
ac_cv_env_CC_value=
ac_cv_env_CFLAGS_set=
ac_cv_env_CFLAGS_value=
ac_cv_env_CPPFLAGS_set=
ac_cv_env_CPPFLAGS_value=
ac_cv_env_CPP_set=
ac_cv_env_CPP_value=
ac_cv_env_CRYPTO_CFLAGS_set=
ac_cv_env_CRYPTO_CFLAGS_value=
ac_cv_env_CRYPTO_LIBS_set=
ac_cv_env_CRYPTO_LIBS_value=
ac_cv_env_LDFLAGS_set=
ac_cv_env_LDFLAGS_value=
ac_cv_env_LIBS_set=
ac_cv_env_LIBS_value=
ac_cv_env_PKG_CONFIG_LIBDIR_set=
ac_cv_env_PKG_CONFIG_LIBDIR_value=
ac_cv_env_PKG_CONFIG_PATH_set=
ac_cv_env_PKG_CONFIG_PATH_value=
ac_cv_env_PKG_CONFIG_set=
ac_cv_env_PKG_CONFIG_value=
ac_cv_env_build_alias_set=
ac_cv_env_build_alias_value=
ac_cv_env_host_alias_set=
ac_cv_env_host_alias_value=
ac_cv_env_target_alias_set=
ac_cv_env_target_alias_value=
ac_cv_header_dlfcn_h=yes
ac_cv_header_inttypes_h=yes
ac_cv_header_memory_h=yes
ac_cv_header_stdc=yes
ac_cv_header_stdint_h=yes
ac_cv_header_stdlib_h=yes
ac_cv_header_string_h=yes
ac_cv_header_strings_h=yes
ac_cv_header_sys_stat_h=yes
ac_cv_header_sys_types_h=yes
ac_cv_header_unistd_h=yes
ac_cv_host=x86_64-apple-darwin17.4.0
ac_cv_lib_crypto_main=yes
ac_cv_objext=o
ac_cv_path_BREW=/usr/local/bin/brew
ac_cv_path_EGREP='/usr/bin/grep -E'
ac_cv_path_FGREP='/usr/bin/grep -F'
ac_cv_path_GREP=/usr/bin/grep
ac_cv_path_SED=/usr/bin/sed
ac_cv_path_ac_pt_AR=/usr/bin/ar
ac_cv_path_ac_pt_PKG_CONFIG=/usr/local/bin/pkg-config
ac_cv_path_ac_pt_RANLIB=/usr/bin/ranlib
ac_cv_path_ac_pt_STRIP=/usr/bin/strip
ac_cv_path_install='/usr/bin/install -c'
ac_cv_prog_AWK=awk
ac_cv_prog_CPP='gcc -E'
ac_cv_prog_ac_ct_AR=ar
ac_cv_prog_ac_ct_CC=gcc
ac_cv_prog_ac_ct_CC_FOR_BUILD=gcc
ac_cv_prog_ac_ct_DSYMUTIL=dsymutil
ac_cv_prog_ac_ct_LIPO=lipo
ac_cv_prog_ac_ct_NMEDIT=nmedit
ac_cv_prog_ac_ct_OBJDUMP=objdump
ac_cv_prog_ac_ct_OTOOL=otool
ac_cv_prog_ac_ct_RANLIB=ranlib
ac_cv_prog_ac_ct_STRIP=strip
ac_cv_prog_cc_c89=
ac_cv_prog_cc_g=yes
ac_cv_prog_make_make_set=yes
ac_cv_type___int128=yes
am_cv_CCAS_dependencies_compiler_type=gcc3
am_cv_CC_dependencies_compiler_type=gcc3
am_cv_make_support_nested_variables=yes
am_cv_prog_cc_c_o=yes
lt_cv_apple_cc_single_mod=yes
lt_cv_ar_at_file=no
lt_cv_deplibs_check_method=pass_all
lt_cv_file_magic_cmd='$MAGIC_CMD'
lt_cv_file_magic_test_file=
lt_cv_ld_exported_symbols_list=yes
lt_cv_ld_force_load=yes
lt_cv_ld_reload_flag=-r
lt_cv_nm_interface='BSD nm'
lt_cv_objdir=.libs
lt_cv_path_LD=/Library/Developer/CommandLineTools/usr/bin/ld
lt_cv_path_NM='/usr/bin/nm -B'
lt_cv_path_mainfest_tool=no
lt_cv_prog_compiler_c_o=yes
lt_cv_prog_compiler_pic='-fno-common -DPIC'
lt_cv_prog_compiler_pic_works=yes
lt_cv_prog_compiler_rtti_exceptions=yes
lt_cv_prog_compiler_static_works=no
lt_cv_prog_gnu_ld=no
lt_cv_sharedlib_from_linklib_cmd='printf %s\n'
lt_cv_sys_global_symbol_pipe='sed -n -e '\''s/^.*[	 ]\([BCDEGRST][BCDEGRST]*\)[	 ][	 ]*_\([_A-Za-z][_A-Za-z0-9]*\)$/\1 _\2 \2/p'\'' | sed '\''/ __gnu_lto/d'\'''
lt_cv_sys_global_symbol_to_c_name_address='sed -n -e '\''s/^: \([^ ]*\)[ ]*$/  {\"\1\", (void *) 0},/p'\'' -e '\''s/^[BCDEGRST]* \([^ ]*\) \([^ ]*\)$/  {"\2", (void *) \&\2},/p'\'''
lt_cv_sys_global_symbol_to_c_name_address_lib_prefix='sed -n -e '\''s/^: \([^ ]*\)[ ]*$/  {\"\1\", (void *) 0},/p'\'' -e '\''s/^[BCDEGRST]* \([^ ]*\) \(lib[^ ]*\)$/  {"\2", (void *) \&\2},/p'\'' -e '\''s/^[BCDEGRST]* \([^ ]*\) \([^ ]*\)$/  {"lib\2", (void *) \&\2},/p'\'''
lt_cv_sys_global_symbol_to_cdecl='sed -n -e '\''s/^T .* \(.*\)$/extern int \1();/p'\'' -e '\''s/^[BCDEGRST]* .* \(.*\)$/extern char \1;/p'\'''
lt_cv_sys_max_cmd_len=196608
lt_cv_to_host_file_cmd=func_convert_file_noop
lt_cv_to_tool_file_cmd=func_convert_file_noop
pkg_cv_CRYPTO_CFLAGS=-I/usr/local/Cellar/openssl/1.0.2o_1/include
pkg_cv_CRYPTO_LIBS='-L/usr/local/Cellar/openssl/1.0.2o_1/lib -lcrypto'

## ----------------- ##
## Output variables. ##
## ----------------- ##

ACLOCAL='${SHELL} /Users/chaintope/work/bitcoin-0.15.1/src/secp256k1/build-aux/missing aclocal-1.14'
AMDEPBACKSLASH='\'
AMDEP_FALSE='#'
AMDEP_TRUE=''
AMTAR='$${TAR-tar}'
AM_BACKSLASH='\'
AM_DEFAULT_V='$(AM_DEFAULT_VERBOSITY)'
AM_DEFAULT_VERBOSITY='0'
AM_V='$(V)'
AR='/usr/bin/ar'
AUTOCONF='${SHELL} /Users/chaintope/work/bitcoin-0.15.1/src/secp256k1/build-aux/missing autoconf'
AUTOHEADER='${SHELL} /Users/chaintope/work/bitcoin-0.15.1/src/secp256k1/build-aux/missing autoheader'
AUTOMAKE='${SHELL} /Users/chaintope/work/bitcoin-0.15.1/src/secp256k1/build-aux/missing automake-1.14'
AWK='awk'
BREW='/usr/local/bin/brew'
BUILD_EXEEXT=''
BUILD_OBJEXT=''
CC='gcc'
CCAS='gcc'
CCASDEPMODE='depmode=gcc3'
CCASFLAGS='-g -O2'
CCDEPMODE='depmode=gcc3'
CC_FOR_BUILD='gcc'
CFLAGS='-g -O2 -W -std=c89 -pedantic -Wall -Wextra -Wcast-align -Wnested-externs -Wshadow -Wstrict-prototypes -Wno-unused-function -Wno-long-long -Wno-overlength-strings -fvisibility=hidden -O3'
CFLAGS_FOR_BUILD='-g -O2'
CPP='gcc -E'
CPPFLAGS=''
CPPFLAGS_FOR_BUILD=''
CPP_FOR_BUILD='gcc -E'
CRYPTO_CFLAGS='-I/usr/local/Cellar/openssl/1.0.2o_1/include'
CRYPTO_LIBS='-L/usr/local/Cellar/openssl/1.0.2o_1/lib -lcrypto'
CYGPATH_W='echo'
DEFS='-DHAVE_CONFIG_H'
DEPDIR='.deps'
DLLTOOL='false'
DSYMUTIL='dsymutil'
DUMPBIN=''
ECHO_C='\c'
ECHO_N=''
ECHO_T=''
EGREP='/usr/bin/grep -E'
ENABLE_COVERAGE_FALSE=''
ENABLE_COVERAGE_TRUE='#'
ENABLE_MODULE_ECDH_FALSE=''
ENABLE_MODULE_ECDH_TRUE='#'
ENABLE_MODULE_RECOVERY_FALSE='#'
ENABLE_MODULE_RECOVERY_TRUE=''
EXEEXT=''
FGREP='/usr/bin/grep -F'
GREP='/usr/bin/grep'
INSTALL_DATA='${INSTALL} -m 644'
INSTALL_PROGRAM='${INSTALL}'
INSTALL_SCRIPT='${INSTALL}'
INSTALL_STRIP_PROGRAM='$(install_sh) -c -s'
JNI_INCLUDES=''
LD='/Library/Developer/CommandLineTools/usr/bin/ld'
LDFLAGS=''
LDFLAGS_FOR_BUILD=''
LIBOBJS=''
LIBS=''
LIBTOOL='$(SHELL) $(top_builddir)/libtool'
LIPO='lipo'
LN_S='ln -s'
LTLIBOBJS=''
MAKEINFO='${SHELL} /Users/chaintope/work/bitcoin-0.15.1/src/secp256k1/build-aux/missing makeinfo'
MANIFEST_TOOL=':'
MKDIR_P='build-aux/install-sh -c -d'
NM='/usr/bin/nm -B'
NMEDIT='nmedit'
OBJDUMP='objdump'
OBJEXT='o'
OTOOL64=':'
OTOOL='otool'
PACKAGE='libsecp256k1'
PACKAGE_BUGREPORT=''
PACKAGE_NAME='libsecp256k1'
PACKAGE_STRING='libsecp256k1 0.1'
PACKAGE_TARNAME='libsecp256k1'
PACKAGE_URL=''
PACKAGE_VERSION='0.1'
PATH_SEPARATOR=':'
PKG_CONFIG='/usr/local/bin/pkg-config'
PKG_CONFIG_LIBDIR=''
PKG_CONFIG_PATH='/usr/local/opt/openssl/lib/pkgconfig:'
PORT=''
RANLIB='/usr/bin/ranlib'
SECP_INCLUDES=''
SECP_LIBS=''
SECP_TEST_INCLUDES=''
SECP_TEST_LIBS=''
SED='/usr/bin/sed'
SET_MAKE=''
SHELL='/bin/sh'
STRIP='/usr/bin/strip'
USE_ASM_ARM_FALSE=''
USE_ASM_ARM_TRUE='#'
USE_BENCHMARK_FALSE=''
USE_BENCHMARK_TRUE='#'
USE_ECMULT_STATIC_PRECOMPUTATION_FALSE='#'
USE_ECMULT_STATIC_PRECOMPUTATION_TRUE=''
USE_EXHAUSTIVE_TESTS_FALSE='#'
USE_EXHAUSTIVE_TESTS_TRUE=''
USE_EXTERNAL_ASM_FALSE=''
USE_EXTERNAL_ASM_TRUE='#'
USE_JNI_FALSE=''
USE_JNI_TRUE='#'
USE_TESTS_FALSE='#'
USE_TESTS_TRUE=''
VERSION='0.1'
_ACJNI_JAVAC=''
ac_ct_AR='ar'
ac_ct_CC='gcc'
ac_ct_CC_FOR_BUILD='gcc'
ac_ct_DUMPBIN=''
am__EXEEXT_FALSE=''
am__EXEEXT_TRUE='#'
am__fastdepCCAS_FALSE='#'
am__fastdepCCAS_TRUE=''
am__fastdepCC_FALSE='#'
am__fastdepCC_TRUE=''
am__include='include'
am__isrc=''
am__leading_dot='.'
am__nodep='_no'
am__quote=''
am__tar='$${TAR-tar} chof - "$$tardir"'
am__untar='$${TAR-tar} xf -'
bindir='${exec_prefix}/bin'
build='x86_64-apple-darwin17.4.0'
build_alias=''
build_cpu='x86_64'
build_os='darwin17.4.0'
build_vendor='apple'
datadir='${datarootdir}'
datarootdir='${prefix}/share'
docdir='${datarootdir}/doc/${PACKAGE_TARNAME}'
dvidir='${docdir}'
exec_prefix='${prefix}'
host='x86_64-apple-darwin17.4.0'
host_alias=''
host_cpu='x86_64'
host_os='darwin17.4.0'
host_vendor='apple'
htmldir='${docdir}'
includedir='${prefix}/include'
infodir='${datarootdir}/info'
install_sh='${SHELL} /Users/chaintope/work/bitcoin-0.15.1/src/secp256k1/build-aux/install-sh'
libdir='${exec_prefix}/lib'
libexecdir='${exec_prefix}/libexec'
localedir='${datarootdir}/locale'
localstatedir='${prefix}/var'
mandir='${datarootdir}/man'
mkdir_p='$(MKDIR_P)'
oldincludedir='/usr/include'
pdfdir='${docdir}'
prefix='/usr/local'
program_transform_name='s,x,x,'
psdir='${docdir}'
sbindir='${exec_prefix}/sbin'
sharedstatedir='${prefix}/com'
sysconfdir='${prefix}/etc'
target_alias=''

## ----------- ##
## confdefs.h. ##
## ----------- ##

/* confdefs.h */
#define PACKAGE_NAME "libsecp256k1"
#define PACKAGE_TARNAME "libsecp256k1"
#define PACKAGE_VERSION "0.1"
#define PACKAGE_STRING "libsecp256k1 0.1"
#define PACKAGE_BUGREPORT ""
#define PACKAGE_URL ""
#define PACKAGE "libsecp256k1"
#define VERSION "0.1"
#define STDC_HEADERS 1
#define HAVE_SYS_TYPES_H 1
#define HAVE_SYS_STAT_H 1
#define HAVE_STDLIB_H 1
#define HAVE_STRING_H 1
#define HAVE_MEMORY_H 1
#define HAVE_STRINGS_H 1
#define HAVE_INTTYPES_H 1
#define HAVE_STDINT_H 1
#define HAVE_UNISTD_H 1
#define HAVE_DLFCN_H 1
#define LT_OBJDIR ".libs/"
#define HAVE___INT128 1
#define HAVE_BUILTIN_EXPECT 1
#define USE_ASM_X86_64 1
#define USE_FIELD_5X52 1
#define USE_NUM_NONE 1
#define USE_FIELD_INV_BUILTIN 1
#define USE_SCALAR_INV_BUILTIN 1
#define USE_SCALAR_4X64 1
#define HAVE_LIBCRYPTO 1
#define USE_ECMULT_STATIC_PRECOMPUTATION 1
#define ENABLE_MODULE_RECOVERY 1

configure: exit 0
